2022-06-09 09:57:49:DEBUG:PROCESSED_FILES ------ PROCESSED_FILES
2022-06-09 09:57:49:DEBUG:DIRECTORY_TO_WATCH --- LogRsync
2022-06-09 09:57:49:DEBUG:LOGGING_LEVEL -------- DEBUG
2022-06-09 09:57:49:DEBUG:QUEUE_TIME ----------- 0.1
2022-06-09 09:57:49:DEBUG:SCHEDULE_TIME -------- 300.0
2022-06-09 09:57:49:DEBUG:MAX_RETRIES ---------- 10
2022-06-09 09:57:49:DEBUG:MAX_TIMEOUT ---------- 60
2022-06-09 09:57:49:DEBUG:ENDPOINT_TO_CHECK ---- https://led-qa-api-lexon.lefebvre.es
2022-06-09 09:57:49:DEBUG:FILENAME_LOGGING ----- monitor.log
2022-06-09 09:57:49:DEBUG:ARCHIVE_LOGGING ------ archive_logging
2022-06-09 09:57:49:DEBUG:FILENAME_ERROR ------- error.log
2022-06-09 09:57:49:DEBUG:ARCHIVE_ERROR -------- archive_error
2022-06-09 09:57:49:DEBUG:CUSTOMERS_SOURCE_BASE -D:/LefebvreFileSync/tool
2022-06-09 09:57:49:DEBUG:ARCHIVE_FOLDER -files
2022-06-09 09:57:49:INFO:Start Job on start
2022-06-09 09:57:49:DEBUG:Starting new HTTPS connection (1): led-qa-api-lexon.lefebvre.es:443
2022-06-09 09:57:50:DEBUG:https://led-qa-api-lexon.lefebvre.es:443 "POST / HTTP/1.1" 302 None
2022-06-09 09:57:50:DEBUG:https://led-qa-api-lexon.lefebvre.es:443 "GET /api/login HTTP/1.1" 200 None
2022-06-09 09:57:50:DEBUG:main_queue_init_
2022-06-09 09:57:50:INFO:Processing data for client: 6
2022-06-09 09:57:50:INFO:user name: 449
2022-06-09 09:57:50:DEBUG:Main Queue (#1) start - LogRsync\6-449-07_06_2022_16_58_15.log
2022-06-09 09:57:50:DEBUG:Main Queue (#1) init - LogRsync\6-449-07_06_2022_16_58_15.log
2022-06-09 09:57:50:DEBUG:Thread #1 is doing task #LogRsync\6-449-07_06_2022_16_58_15.log in the main queue.
2022-06-09 09:57:50:DEBUG:Thread #1 is doing task #api_action: Copied (new) Manual LEFEBVRE222.pdf in the api queue.
2022-06-09 09:57:50:ERROR:{'message': 'No such file or directory - object: Manual LEFEBVRE222.pdf'}
2022-06-09 09:57:50:ERROR:{'filepath ': 'D:/LefebvreFileSync/tool/6/files/Manual LEFEBVRE222.pdf'}
2022-06-09 09:57:50:DEBUG:Main Queue (#1) join completed - LogRsync\6-449-07_06_2022_16_58_15.log
2022-06-09 09:57:50:DEBUG:Thread #1 completed #LogRsync\6-449-07_06_2022_16_58_15.log of the main queue.
2022-06-09 09:57:50:INFO:Making new log error : error.log
2022-06-09 09:57:50:ERROR:Adding new error: api_action: Copied (new) Manual LEFEBVRE222.pdf to the ERROR FILE
2022-06-09 09:57:50:DEBUG:Thread #1 completed #api_action: Copied (new) Manual LEFEBVRE222.pdf of the api queue #FAIL.
2022-06-09 09:57:50:INFO:LogRsync\6-449-07_06_2022_16_58_15.log- is moved to: PROCESSED_FILES
2022-06-09 09:57:50:INFO:Processing data for client: 6
2022-06-09 09:57:50:INFO:user name: 449
2022-06-09 09:57:50:DEBUG:Main Queue (#2) start - LogRsync\6-449-08_06_2022_14_16_01.log
2022-06-09 09:57:50:DEBUG:Main Queue (#2) init - LogRsync\6-449-08_06_2022_14_16_01.log
2022-06-09 09:57:50:DEBUG:Thread #2 is doing task #LogRsync\6-449-08_06_2022_14_16_01.log in the main queue.
2022-06-09 09:57:50:DEBUG:Thread #6 is doing task #api_action: Moved files/Nuevo documento de texto - copia (5).txt in the api queue.
2022-06-09 09:57:50:DEBUG:Thread #10 is doing task #api_action: Moved files/doc/Nueva carpeta/rojo.txt in the api queue.
2022-06-09 09:57:50:DEBUG:Thread #5 is doing task #api_action: Moved files/Nuevo documento de texto - copia (2).txt in the api queue.
2022-06-09 09:57:50:DEBUG:Thread #2 is doing task #api_action: Moved files/Nuevo documento de texto.txt in the api queue.
2022-06-09 09:57:50:DEBUG:Thread #4 is doing task #api_action: Moved files/Nuevo documento de texto - copia (3).txt in the api queue.
2022-06-09 09:57:50:DEBUG:Thread #1 is doing task #api_action: Moved files/Nuevo documento de texto - copia (8).txt in the api queue.
2022-06-09 09:57:50:DEBUG:Thread #9 is doing task #api_action: Moved files/Nuevo documento de texto - copia (6).txt in the api queue.
2022-06-09 09:57:50:DEBUG:Thread #8 is doing task #api_action: Moved files/Nuevo documento de texto - copia (7).txt in the api queue.
2022-06-09 09:57:50:DEBUG:Thread #11 is doing task #api_action: Moved files/doc/azul - copia.txt in the api queue.
2022-06-09 09:57:50:DEBUG:Thread #7 is doing task #api_action: Moved files/doc/adios.txt in the api queue.
2022-06-09 09:57:50:DEBUG:Thread #3 is doing task #api_action: Moved files/Nuevo documento de texto - copia (9).txt in the api queue.
2022-06-09 10:20:20:DEBUG:PROCESSED_FILES ------ PROCESSED_FILES
2022-06-09 10:20:20:DEBUG:DIRECTORY_TO_WATCH --- LogRsync
2022-06-09 10:20:20:DEBUG:LOGGING_LEVEL -------- DEBUG
2022-06-09 10:20:20:DEBUG:QUEUE_TIME ----------- 0.1
2022-06-09 10:20:20:DEBUG:SCHEDULE_TIME -------- 300.0
2022-06-09 10:20:20:DEBUG:MAX_RETRIES ---------- 10
2022-06-09 10:20:20:DEBUG:MAX_TIMEOUT ---------- 60
2022-06-09 10:20:20:DEBUG:ENDPOINT_TO_CHECK ---- https://led-qa-api-lexon.lefebvre.es
2022-06-09 10:20:20:DEBUG:FILENAME_LOGGING ----- monitor.log
2022-06-09 10:20:20:DEBUG:ARCHIVE_LOGGING ------ archive_logging
2022-06-09 10:20:20:DEBUG:FILENAME_ERROR ------- error.log
2022-06-09 10:20:20:DEBUG:ARCHIVE_ERROR -------- archive_error
2022-06-09 10:20:20:DEBUG:CUSTOMERS_SOURCE_BASE -D:/LefebvreFileSync/tool
2022-06-09 10:20:20:DEBUG:ARCHIVE_FOLDER -files
2022-06-09 10:20:20:INFO:Start Job on start
2022-06-09 10:20:20:DEBUG:Starting new HTTPS connection (1): led-qa-api-lexon.lefebvre.es:443
2022-06-09 10:20:21:DEBUG:https://led-qa-api-lexon.lefebvre.es:443 "POST / HTTP/1.1" 302 None
2022-06-09 10:20:21:DEBUG:https://led-qa-api-lexon.lefebvre.es:443 "GET /api/login HTTP/1.1" 200 None
2022-06-09 10:20:21:DEBUG:main_queue_init_
2022-06-09 10:20:21:INFO:Processing data for client: 6
2022-06-09 10:20:21:INFO:user name: 449
2022-06-09 10:20:21:DEBUG:Main Queue (#1) start - LogRsync\6-449-08_06_2022_14_16_01.log
2022-06-09 10:20:21:DEBUG:Main Queue (#1) init - LogRsync\6-449-08_06_2022_14_16_01.log
2022-06-09 10:20:21:DEBUG:Thread #1 is doing task #LogRsync\6-449-08_06_2022_14_16_01.log in the main queue.
2022-06-09 10:20:21:DEBUG:Thread #14 is doing task #api_action: Moved files/Nuevo documento de texto - copia.txt in the api queue.
2022-06-09 10:20:21:DEBUG:Thread #16 is doing task #api_action: Moved files/doc/Nueva carpeta/verdeclaro - copia.txt in the api queue.
2022-06-09 10:20:21:DEBUG:Thread #10 is doing task #api_action: Moved files/doc/Nueva carpeta/rojo.txt in the api queue.
2022-06-09 10:20:21:DEBUG:Thread #11 is doing task #api_action: Moved files/doc/azul - copia.txt in the api queue.
2022-06-09 10:20:21:DEBUG:Thread #6 is doing task #api_action: Moved files/Nuevo documento de texto - copia (5).txt in the api queue.
2022-06-09 10:20:21:DEBUG:Thread #9 is doing task #api_action: Moved files/Nuevo documento de texto - copia (6).txt in the api queue.
2022-06-09 10:20:21:DEBUG:Thread #1 is doing task #api_action: Moved files/Nuevo documento de texto - copia (8).txt in the api queue.
2022-06-09 10:20:21:DEBUG:Thread #5 is doing task #api_action: Moved files/Nuevo documento de texto - copia (2).txt in the api queue.
2022-06-09 10:20:21:DEBUG:Thread #2 is doing task #api_action: Moved files/Nuevo documento de texto.txt in the api queue.
2022-06-09 10:20:21:DEBUG:Thread #12 is doing task #api_action: Moved files/Nuevo documento de texto - copia (4).txt in the api queue.
2022-06-09 10:20:21:DEBUG:Thread #4 is doing task #api_action: Moved files/Nuevo documento de texto - copia (3).txt in the api queue.
2022-06-09 10:20:21:DEBUG:Thread #18 is doing task #api_action: Moved files/doc/Nueva carpeta/verdeclaro.txt in the api queue.
2022-06-09 10:20:21:DEBUG:Thread #3 is doing task #api_action: Moved files/Nuevo documento de texto - copia (9).txt in the api queue.
2022-06-09 10:20:21:DEBUG:Thread #17 is doing task #api_action: Moved files/doc/azul.txt in the api queue.
2022-06-09 10:20:21:DEBUG:Thread #13 is doing task #api_action: Moved files/doc/Nueva carpeta/verde.txt in the api queue.
2022-06-09 10:20:21:DEBUG:Thread #7 is doing task #api_action: Moved files/doc/adios.txt in the api queue.
2022-06-09 10:20:21:DEBUG:Thread #15 is doing task #api_action: Moved files/doc/holahola.txt in the api queue.
2022-06-09 10:20:21:DEBUG:Thread #8 is doing task #api_action: Moved files/Nuevo documento de texto - copia (7).txt in the api queue.
2022-06-09 10:20:21:DEBUG:Thread #2 is doing task #api_action: Renamed Nuevo documento de texto - copia (5).txt in the api queue.
2022-06-09 10:20:21:DEBUG:Thread #6 is doing task #api_action: Renamed Nuevo documento de texto - copia (8).txt in the api queue.
2022-06-09 10:20:21:DEBUG:Thread #5 is doing task #api_action: Renamed Nuevo documento de texto - copia (6).txt in the api queue.
2022-06-09 10:20:21:DEBUG:Thread #3 is doing task #api_action: Renamed Nuevo documento de texto - copia (4).txt in the api queue.
2022-06-09 10:20:21:DEBUG:Thread #4 is doing task #api_action: Renamed Nuevo documento de texto - copia (3).txt in the api queue.
2022-06-09 10:20:21:DEBUG:Thread #1 is doing task #api_action: Renamed Nuevo documento de texto - copia (2).txt in the api queue.
2022-06-09 10:20:21:DEBUG:Starting new HTTPS connection (1): led-qa-api-lexon.lefebvre.es:443
2022-06-09 10:20:21:DEBUG:Starting new HTTPS connection (1): led-qa-api-lexon.lefebvre.es:443
2022-06-09 10:20:21:DEBUG:Starting new HTTPS connection (1): led-qa-api-lexon.lefebvre.es:443
2022-06-09 10:20:21:DEBUG:Thread #16 is doing task #api_action: Renamed doc/Nueva carpeta/verdeclaro.txt in the api queue.
2022-06-09 10:20:21:DEBUG:Thread #9 is doing task #api_action: Renamed Nuevo documento de texto - copia (7).txt in the api queue.
2022-06-09 10:20:21:DEBUG:Thread #7 is doing task #api_action: Renamed doc/adios.txt in the api queue.
2022-06-09 10:20:21:DEBUG:Thread #13 is doing task #api_action: Renamed doc/azul.txt in the api queue.
2022-06-09 10:20:21:DEBUG:Thread #15 is doing task #api_action: Renamed doc/holahola.txt in the api queue.
2022-06-09 10:20:21:DEBUG:Starting new HTTPS connection (1): led-qa-api-lexon.lefebvre.es:443
2022-06-09 10:20:21:DEBUG:Thread #12 is doing task #api_action: Renamed Nuevo documento de texto.txt in the api queue.
2022-06-09 10:20:21:DEBUG:Thread #10 is doing task #api_action: Renamed doc/azul - copia.txt in the api queue.
2022-06-09 10:20:21:DEBUG:Starting new HTTPS connection (1): led-qa-api-lexon.lefebvre.es:443
2022-06-09 10:20:21:DEBUG:Thread #8 is doing task #api_action: Renamed Nuevo documento de texto - copia (9).txt in the api queue.
2022-06-09 10:20:21:DEBUG:Thread #14 is doing task #api_action: Renamed Nuevo documento de texto - copia.txt in the api queue.
2022-06-09 10:20:21:DEBUG:Thread #11 is doing task #api_action: Renamed doc/Nueva carpeta/rojo.txt in the api queue.
2022-06-09 10:20:21:DEBUG:Starting new HTTPS connection (1): led-qa-api-lexon.lefebvre.es:443
2022-06-09 10:20:21:DEBUG:Thread #17 is doing task #api_action: Renamed doc/Nueva carpeta/verde.txt in the api queue.
2022-06-09 10:20:21:DEBUG:Thread #18 is doing task #api_action: Renamed doc/Nueva carpeta/verdeclaro - copia.txt in the api queue.
2022-06-09 10:20:21:DEBUG:Starting new HTTPS connection (1): led-qa-api-lexon.lefebvre.es:443
2022-06-09 10:20:21:DEBUG:Starting new HTTPS connection (1): led-qa-api-lexon.lefebvre.es:443
2022-06-09 10:20:21:DEBUG:Starting new HTTPS connection (1): led-qa-api-lexon.lefebvre.es:443
2022-06-09 10:20:21:DEBUG:Starting new HTTPS connection (1): led-qa-api-lexon.lefebvre.es:443
2022-06-09 10:20:21:DEBUG:Starting new HTTPS connection (1): led-qa-api-lexon.lefebvre.es:443
2022-06-09 10:20:21:DEBUG:Starting new HTTPS connection (1): led-qa-api-lexon.lefebvre.es:443
2022-06-09 10:20:21:DEBUG:Starting new HTTPS connection (1): led-qa-api-lexon.lefebvre.es:443
2022-06-09 10:20:21:DEBUG:Starting new HTTPS connection (1): led-qa-api-lexon.lefebvre.es:443
2022-06-09 10:20:21:DEBUG:Starting new HTTPS connection (1): led-qa-api-lexon.lefebvre.es:443
2022-06-09 10:20:21:DEBUG:Starting new HTTPS connection (1): led-qa-api-lexon.lefebvre.es:443
2022-06-09 10:20:21:DEBUG:Starting new HTTPS connection (1): led-qa-api-lexon.lefebvre.es:443
2022-06-09 10:20:21:DEBUG:Starting new HTTPS connection (1): led-qa-api-lexon.lefebvre.es:443
2022-06-09 10:20:22:DEBUG:https://led-qa-api-lexon.lefebvre.es:443 "POST /rclone/document/delete HTTP/1.1" 200 None
2022-06-09 10:20:22:ERROR:{'message': 'No such file or directory - object: Nuevo documento de texto - copia (5).txt'}
2022-06-09 10:20:22:ERROR:{'filepath ': 'D:/LefebvreFileSync/tool/6/files/Nuevo documento de texto - copia (5).txt'}
2022-06-09 10:20:22:DEBUG:Thread #2 completed #api_action: Renamed Nuevo documento de texto - copia (5).txt of the api queue #SUCCESS.
2022-06-09 10:20:22:DEBUG:https://led-qa-api-lexon.lefebvre.es:443 "POST /rclone/document/delete HTTP/1.1" 200 None
2022-06-09 10:20:22:ERROR:{'message': 'No such file or directory - object: Nuevo documento de texto - copia (8).txt'}
2022-06-09 10:20:22:ERROR:{'filepath ': 'D:/LefebvreFileSync/tool/6/files/Nuevo documento de texto - copia (8).txt'}
2022-06-09 10:20:22:DEBUG:Thread #6 completed #api_action: Renamed Nuevo documento de texto - copia (8).txt of the api queue #SUCCESS.
2022-06-09 10:20:22:DEBUG:https://led-qa-api-lexon.lefebvre.es:443 "POST /rclone/document/delete HTTP/1.1" 200 None
2022-06-09 10:20:22:ERROR:{'message': 'No such file or directory - object: Nuevo documento de texto - copia (9).txt'}
2022-06-09 10:20:22:ERROR:{'filepath ': 'D:/LefebvreFileSync/tool/6/files/Nuevo documento de texto - copia (9).txt'}
2022-06-09 10:20:22:DEBUG:Thread #8 completed #api_action: Renamed Nuevo documento de texto - copia (9).txt of the api queue #SUCCESS.
2022-06-09 10:20:22:DEBUG:https://led-qa-api-lexon.lefebvre.es:443 "POST /rclone/document/delete HTTP/1.1" 200 None
2022-06-09 10:20:22:ERROR:{'message': 'No such file or directory - object: Nuevo documento de texto - copia (3).txt'}
2022-06-09 10:20:22:ERROR:{'filepath ': 'D:/LefebvreFileSync/tool/6/files/Nuevo documento de texto - copia (3).txt'}
2022-06-09 10:20:22:DEBUG:Thread #4 completed #api_action: Renamed Nuevo documento de texto - copia (3).txt of the api queue #SUCCESS.
2022-06-09 10:20:22:DEBUG:https://led-qa-api-lexon.lefebvre.es:443 "POST /rclone/document/delete HTTP/1.1" 200 None
2022-06-09 10:20:22:ERROR:{'message': 'No such file or directory - object: doc/holahola.txt'}
2022-06-09 10:20:22:ERROR:{'filepath ': 'D:/LefebvreFileSync/tool/6/files/doc/holahola.txt'}
2022-06-09 10:20:22:DEBUG:Thread #15 completed #api_action: Renamed doc/holahola.txt of the api queue #SUCCESS.
2022-06-09 10:20:23:DEBUG:https://led-qa-api-lexon.lefebvre.es:443 "POST /rclone/document/delete HTTP/1.1" 200 None
2022-06-09 10:20:23:ERROR:{'message': 'No such file or directory - object: doc/Nueva carpeta/verde.txt'}
2022-06-09 10:20:23:ERROR:{'filepath ': 'D:/LefebvreFileSync/tool/6/files/doc/Nueva carpeta/verde.txt'}
2022-06-09 10:20:23:DEBUG:Thread #17 completed #api_action: Renamed doc/Nueva carpeta/verde.txt of the api queue #SUCCESS.
2022-06-09 10:20:23:DEBUG:https://led-qa-api-lexon.lefebvre.es:443 "POST /rclone/document/delete HTTP/1.1" 200 None
2022-06-09 10:20:23:ERROR:{'message': 'No such file or directory - object: Nuevo documento de texto - copia (6).txt'}
2022-06-09 10:20:23:ERROR:{'filepath ': 'D:/LefebvreFileSync/tool/6/files/Nuevo documento de texto - copia (6).txt'}
2022-06-09 10:20:23:DEBUG:Thread #5 completed #api_action: Renamed Nuevo documento de texto - copia (6).txt of the api queue #SUCCESS.
2022-06-09 10:20:23:DEBUG:https://led-qa-api-lexon.lefebvre.es:443 "POST /rclone/document/delete HTTP/1.1" 200 None
2022-06-09 10:20:23:ERROR:{'message': 'No such file or directory - object: Nuevo documento de texto.txt'}
2022-06-09 10:20:23:ERROR:{'filepath ': 'D:/LefebvreFileSync/tool/6/files/Nuevo documento de texto.txt'}
2022-06-09 10:20:23:DEBUG:Thread #12 completed #api_action: Renamed Nuevo documento de texto.txt of the api queue #SUCCESS.
2022-06-09 10:20:23:DEBUG:https://led-qa-api-lexon.lefebvre.es:443 "POST /rclone/document/delete HTTP/1.1" 200 None
2022-06-09 10:20:23:ERROR:{'message': 'No such file or directory - object: Nuevo documento de texto - copia (7).txt'}
2022-06-09 10:20:23:ERROR:{'filepath ': 'D:/LefebvreFileSync/tool/6/files/Nuevo documento de texto - copia (7).txt'}
2022-06-09 10:20:23:DEBUG:Thread #9 completed #api_action: Renamed Nuevo documento de texto - copia (7).txt of the api queue #SUCCESS.
2022-06-09 10:20:23:DEBUG:https://led-qa-api-lexon.lefebvre.es:443 "POST /rclone/document/delete HTTP/1.1" 200 None
2022-06-09 10:20:23:ERROR:{'message': 'No such file or directory - object: doc/Nueva carpeta/verdeclaro.txt'}
2022-06-09 10:20:23:ERROR:{'filepath ': 'D:/LefebvreFileSync/tool/6/files/doc/Nueva carpeta/verdeclaro.txt'}
2022-06-09 10:20:23:DEBUG:Thread #16 completed #api_action: Renamed doc/Nueva carpeta/verdeclaro.txt of the api queue #SUCCESS.
2022-06-09 10:20:23:DEBUG:https://led-qa-api-lexon.lefebvre.es:443 "POST /rclone/document/delete HTTP/1.1" 200 None
2022-06-09 10:20:23:ERROR:{'message': 'No such file or directory - object: doc/Nueva carpeta/verdeclaro - copia.txt'}
2022-06-09 10:20:23:ERROR:{'filepath ': 'D:/LefebvreFileSync/tool/6/files/doc/Nueva carpeta/verdeclaro - copia.txt'}
2022-06-09 10:20:23:DEBUG:Thread #18 completed #api_action: Renamed doc/Nueva carpeta/verdeclaro - copia.txt of the api queue #SUCCESS.
2022-06-09 10:20:23:DEBUG:https://led-qa-api-lexon.lefebvre.es:443 "POST /rclone/document/delete HTTP/1.1" 200 None
2022-06-09 10:20:23:DEBUG:https://led-qa-api-lexon.lefebvre.es:443 "POST /rclone/document/delete HTTP/1.1" 200 None
2022-06-09 10:20:23:ERROR:{'message': 'No such file or directory - object: Nuevo documento de texto - copia (4).txt'}
2022-06-09 10:20:23:ERROR:{'filepath ': 'D:/LefebvreFileSync/tool/6/files/Nuevo documento de texto - copia (4).txt'}
2022-06-09 10:20:23:ERROR:{'message': 'No such file or directory - object: doc/azul.txt'}
2022-06-09 10:20:23:ERROR:{'filepath ': 'D:/LefebvreFileSync/tool/6/files/doc/azul.txt'}
2022-06-09 10:20:23:DEBUG:Thread #3 completed #api_action: Renamed Nuevo documento de texto - copia (4).txt of the api queue #SUCCESS.
2022-06-09 10:20:23:DEBUG:Thread #13 completed #api_action: Renamed doc/azul.txt of the api queue #SUCCESS.
2022-06-09 10:20:23:DEBUG:https://led-qa-api-lexon.lefebvre.es:443 "POST /rclone/document/delete HTTP/1.1" 200 None
2022-06-09 10:20:23:ERROR:{'message': 'No such file or directory - object: doc/adios.txt'}
2022-06-09 10:20:23:ERROR:{'filepath ': 'D:/LefebvreFileSync/tool/6/files/doc/adios.txt'}
2022-06-09 10:20:23:DEBUG:Thread #7 completed #api_action: Renamed doc/adios.txt of the api queue #SUCCESS.
2022-06-09 10:20:23:DEBUG:https://led-qa-api-lexon.lefebvre.es:443 "POST /rclone/document/delete HTTP/1.1" 200 None
2022-06-09 10:20:23:ERROR:{'message': 'No such file or directory - object: Nuevo documento de texto - copia.txt'}
2022-06-09 10:20:23:ERROR:{'filepath ': 'D:/LefebvreFileSync/tool/6/files/Nuevo documento de texto - copia.txt'}
2022-06-09 10:20:23:DEBUG:Thread #14 completed #api_action: Renamed Nuevo documento de texto - copia.txt of the api queue #SUCCESS.
2022-06-09 10:20:23:DEBUG:https://led-qa-api-lexon.lefebvre.es:443 "POST /rclone/document/delete HTTP/1.1" 200 None
2022-06-09 10:20:23:ERROR:{'message': 'No such file or directory - object: Nuevo documento de texto - copia (2).txt'}
2022-06-09 10:20:23:ERROR:{'filepath ': 'D:/LefebvreFileSync/tool/6/files/Nuevo documento de texto - copia (2).txt'}
2022-06-09 10:20:23:DEBUG:Thread #1 completed #api_action: Renamed Nuevo documento de texto - copia (2).txt of the api queue #SUCCESS.
2022-06-09 10:20:23:DEBUG:https://led-qa-api-lexon.lefebvre.es:443 "POST /rclone/document/delete HTTP/1.1" 200 None
2022-06-09 10:20:23:ERROR:{'message': 'No such file or directory - object: doc/azul - copia.txt'}
2022-06-09 10:20:23:ERROR:{'filepath ': 'D:/LefebvreFileSync/tool/6/files/doc/azul - copia.txt'}
2022-06-09 10:20:23:DEBUG:Thread #10 completed #api_action: Renamed doc/azul - copia.txt of the api queue #SUCCESS.
2022-06-09 10:20:23:DEBUG:https://led-qa-api-lexon.lefebvre.es:443 "POST /rclone/document/delete HTTP/1.1" 200 None
2022-06-09 10:20:23:ERROR:{'message': 'No such file or directory - object: doc/Nueva carpeta/rojo.txt'}
2022-06-09 10:20:23:ERROR:{'filepath ': 'D:/LefebvreFileSync/tool/6/files/doc/Nueva carpeta/rojo.txt'}
2022-06-09 10:20:23:DEBUG:Thread #11 completed #api_action: Renamed doc/Nueva carpeta/rojo.txt of the api queue #SUCCESS.
2022-06-09 10:20:23:DEBUG:Thread #1 is doing task #api_action: Deleted files/Manual LEFEBVRE222.pdf in the api queue.
2022-06-09 10:20:23:DEBUG:Starting new HTTPS connection (1): led-qa-api-lexon.lefebvre.es:443
2022-06-09 10:20:23:DEBUG:https://led-qa-api-lexon.lefebvre.es:443 "POST /rclone/document/delete HTTP/1.1" 200 None
2022-06-09 10:20:23:DEBUG:Thread #1 completed #api_action: Deleted files/Manual LEFEBVRE222.pdf of the api queue #SUCCESS.
2022-06-09 10:20:23:DEBUG:Main Queue (#1) join completed - LogRsync\6-449-08_06_2022_14_16_01.log
2022-06-09 10:20:23:DEBUG:Thread #1 completed #LogRsync\6-449-08_06_2022_14_16_01.log of the main queue.
2022-06-09 10:20:23:INFO:LogRsync\6-449-08_06_2022_14_16_01.log- is moved to: PROCESSED_FILES
2022-06-09 10:20:24:DEBUG:Waiting for the next scheduler at 2022-06-09 10:25:27.960569
2022-06-09 10:20:24:DEBUG:Starting Observer
2022-06-09 10:23:11:DEBUG:PROCESSED_FILES ------ PROCESSED_FILES
2022-06-09 10:23:11:DEBUG:DIRECTORY_TO_WATCH --- LogRsync
2022-06-09 10:23:11:DEBUG:LOGGING_LEVEL -------- DEBUG
2022-06-09 10:23:11:DEBUG:QUEUE_TIME ----------- 0.1
2022-06-09 10:23:11:DEBUG:SCHEDULE_TIME -------- 300.0
2022-06-09 10:23:11:DEBUG:MAX_RETRIES ---------- 10
2022-06-09 10:23:11:DEBUG:MAX_TIMEOUT ---------- 60
2022-06-09 10:23:11:DEBUG:ENDPOINT_TO_CHECK ---- https://led-qa-api-lexon.lefebvre.es
2022-06-09 10:23:11:DEBUG:FILENAME_LOGGING ----- monitor.log
2022-06-09 10:23:11:DEBUG:ARCHIVE_LOGGING ------ archive_logging
2022-06-09 10:23:11:DEBUG:FILENAME_ERROR ------- error.log
2022-06-09 10:23:11:DEBUG:ARCHIVE_ERROR -------- archive_error
2022-06-09 10:23:11:DEBUG:CUSTOMERS_SOURCE_BASE -D:/LefebvreFileSync_ServerParser/test
2022-06-09 10:23:11:DEBUG:ARCHIVE_FOLDER -files
2022-06-09 10:23:11:INFO:Start Job on start
2022-06-09 10:23:11:DEBUG:Starting new HTTPS connection (1): led-qa-api-lexon.lefebvre.es:443
2022-06-09 10:23:12:DEBUG:https://led-qa-api-lexon.lefebvre.es:443 "POST / HTTP/1.1" 302 None
2022-06-09 10:23:12:DEBUG:https://led-qa-api-lexon.lefebvre.es:443 "GET /api/login HTTP/1.1" 200 None
2022-06-09 10:23:12:DEBUG:main_queue_init_
2022-06-09 10:23:12:INFO:Nothing to proccess in: LogRsync\*
2022-06-09 10:23:13:DEBUG:Waiting for the next scheduler at 2022-06-09 10:28:16.249825
2022-06-09 10:23:13:DEBUG:Starting Observer
